<?xml version="1.0" encoding="UTF-8"?>
<!-- Generated by org.testng.reporters.JUnitReportReporter -->
<testsuite hostname="DESKTOP-M0LQV71" failures="0" tests="1" name="com.inetbanking.testCases.TC_LoginTest_001" time="4.347" errors="0" timestamp="13 May 2021 09:33:16 GMT" skipped="0">
  <testcase classname="com.inetbanking.testCases.TC_LoginTest_001" name="loginTest" time="4.347"/>
</testsuite> <!-- com.inetbanking.testCases.TC_LoginTest_001 -->
