<?xml version="1.0" encoding="UTF-8"?>
<!-- Generated by org.testng.reporters.JUnitReportReporter -->
<testsuite hostname="DESKTOP-M0LQV71" failures="0" tests="1" name="com.inetbanking.testCases.TC_Withdraw_007" time="7.732" errors="0" timestamp="14 May 2021 07:05:53 GMT" skipped="0">
  <testcase classname="com.inetbanking.testCases.TC_Withdraw_007" name="Amountwithdraw" time="7.732"/>
</testsuite> <!-- com.inetbanking.testCases.TC_Withdraw_007 -->
