<?xml version="1.0" encoding="UTF-8"?>
<!-- Generated by org.testng.reporters.JUnitReportReporter -->
<testsuite hostname="DESKTOP-M0LQV71" failures="0" tests="1" name="com.inetbanking.testCases.TC_AddAccountTest_005" time="21.474" errors="0" timestamp="14 May 2021 07:05:53 GMT" skipped="0">
  <testcase classname="com.inetbanking.testCases.TC_AddAccountTest_005" name="addAccount" time="21.474"/>
</testsuite> <!-- com.inetbanking.testCases.TC_AddAccountTest_005 -->
