<?xml version="1.0" encoding="UTF-8"?>
<!-- Generated by org.testng.reporters.JUnitReportReporter -->
<testsuite hostname="DESKTOP-M0LQV71" failures="0" tests="1" name="com.inetbanking.testCases.TC_Deposits_006" time="8.165" errors="0" timestamp="14 May 2021 07:05:53 GMT" skipped="0">
  <testcase classname="com.inetbanking.testCases.TC_Deposits_006" name="Amountdeposits" time="8.165"/>
</testsuite> <!-- com.inetbanking.testCases.TC_Deposits_006 -->
