<?xml version="1.0" encoding="UTF-8"?>
<!-- Generated by org.testng.reporters.JUnitReportReporter -->
<testsuite hostname="DESKTOP-M0LQV71" failures="0" tests="1" name="com.inetbanking.testCases.TC_EditCustomerTest_004" time="16.780" errors="0" timestamp="13 May 2021 14:40:02 GMT" skipped="0">
  <testcase classname="com.inetbanking.testCases.TC_EditCustomerTest_004" name="editCustomer" time="16.780"/>
</testsuite> <!-- com.inetbanking.testCases.TC_EditCustomerTest_004 -->
