<?xml version="1.0" encoding="UTF-8"?>
<!-- Generated by org.testng.reporters.JUnitReportReporter -->
<testsuite skipped="0" hostname="DESKTOP-M0LQV71" name="com.inetbanking.testCases.TC_LoginTest_001" tests="1" failures="0" timestamp="14 May 2021 07:51:23 GMT" time="5.821" errors="0">
  <testcase name="loginTest" time="5.821" classname="com.inetbanking.testCases.TC_LoginTest_001"/>
</testsuite> <!-- com.inetbanking.testCases.TC_LoginTest_001 -->
